<?xml version="1.0" encoding="UTF-8"?>
<!-- Generated by org.testng.reporters.JUnitReportReporter -->
<testsuite hostname="user-PC" failures="0" tests="1" name="functional.home.scripts.Home006_VerifyQuote" time="90.522" errors="0" timestamp="2022-10-12T23:54:09 IST" skipped="0">
  <testcase classname="functional.home.scripts.Home006_VerifyQuote" name="verifyPickupdate" time="90.522"/>
  <system-out/>
</testsuite> <!-- functional.home.scripts.Home006_VerifyQuote -->
