<?xml version="1.0" encoding="UTF-8"?>
<!-- Generated by org.testng.reporters.JUnitReportReporter -->
<testsuite hostname="user-PC" failures="0" tests="1" name="functional.home.scripts.Home002_Verifytocity" time="190.510" errors="0" timestamp="2022-10-12T23:00:40 IST" skipped="0">
  <testcase classname="functional.home.scripts.Home002_Verifytocity" name="verifyFromCity" time="190.510"/>
  <system-out/>
</testsuite> <!-- functional.home.scripts.Home002_Verifytocity -->
