<?xml version="1.0" encoding="UTF-8"?>
<!-- Generated by org.testng.reporters.JUnitReportReporter -->
<testsuite hostname="user-PC" failures="0" tests="1" name="seoTest.ValidatewithresponsecodeTest" time="28.740" errors="0" timestamp="2022-09-03T03:00:13 IST" skipped="0">
  <testcase classname="seoTest.ValidatewithresponsecodeTest" name="login" time="28.740"/>
  <system-out/>
</testsuite> <!-- seoTest.ValidatewithresponsecodeTest -->
