<?xml version="1.0" encoding="UTF-8"?>
<!-- Generated by org.testng.reporters.JUnitReportReporter -->
<testsuite hostname="user-PC" failures="0" tests="1" name="functional.home.scripts.Home003_VerifyTruckCategory" time="85.556" errors="0" timestamp="2022-10-12T23:21:41 IST" skipped="0">
  <testcase classname="functional.home.scripts.Home003_VerifyTruckCategory" name="verifyFromandToCity" time="85.556"/>
  <system-out/>
</testsuite> <!-- functional.home.scripts.Home003_VerifyTruckCategory -->
