<?xml version="1.0" encoding="UTF-8"?>
<!-- Generated by org.testng.reporters.JUnitReportReporter -->
<testsuite hostname="user-PC" failures="0" tests="1" name="functional.home.scripts.Home005_VerifyPickupdate" time="91.576" errors="0" timestamp="2022-10-12T23:47:33 IST" skipped="0">
  <testcase classname="functional.home.scripts.Home005_VerifyPickupdate" name="verifyPickupdate" time="91.576"/>
  <system-out/>
</testsuite> <!-- functional.home.scripts.Home005_VerifyPickupdate -->
