<?xml version="1.0" encoding="UTF-8"?>
<!-- Generated by org.testng.reporters.JUnitReportReporter -->
<testsuite hostname="user-PC" failures="0" tests="1" name="seoTest.HomepageseoTest" time="38.767" errors="0" timestamp="2022-09-06T00:05:38 IST" skipped="0">
  <testcase classname="seoTest.HomepageseoTest" name="login" time="38.767"/>
  <system-out/>
</testsuite> <!-- seoTest.HomepageseoTest -->
