<?xml version="1.0" encoding="UTF-8"?>
<!-- Generated by org.testng.reporters.JUnitReportReporter -->
<testsuite hostname="user-PC" failures="0" tests="1" name="seoTest.ActiveLinksTest" time="71.199" errors="0" timestamp="2022-09-06T19:24:12 IST" skipped="0">
  <testcase classname="seoTest.ActiveLinksTest" name="login" time="71.199"/>
  <system-out/>
</testsuite> <!-- seoTest.ActiveLinksTest -->
