<?xml version="1.0" encoding="UTF-8"?>
<!-- Generated by org.testng.reporters.JUnitReportReporter -->
<testsuite hostname="user-PC" failures="0" tests="1" name="seoTest.LandingTest" time="81.036" errors="0" timestamp="2022-09-09T03:31:32 IST" skipped="0">
  <testcase classname="seoTest.LandingTest" name="login" time="81.036"/>
  <system-out/>
</testsuite> <!-- seoTest.LandingTest -->
