<?xml version="1.0" encoding="UTF-8"?>
<!-- Generated by org.testng.reporters.JUnitReportReporter -->
<testsuite hostname="user-PC" failures="0" tests="1" name="webTest.WebPickupdateTest" time="70.453" errors="0" timestamp="2022-11-06T00:24:35 IST" skipped="0">
  <testcase classname="webTest.WebPickupdateTest" name="Pickupdate" time="70.453"/>
  <system-out/>
</testsuite> <!-- webTest.WebPickupdateTest -->
