<?xml version="1.0" encoding="UTF-8"?>
<!-- Generated by org.testng.reporters.JUnitReportReporter -->
<testsuite hostname="user-PC" failures="0" tests="1" name="adminTest.PageTitleTest" time="57.209" errors="0" timestamp="2022-09-01T01:54:31 IST" skipped="0">
  <testcase classname="adminTest.PageTitleTest" name="login" time="57.209"/>
  <system-out/>
</testsuite> <!-- adminTest.PageTitleTest -->
